<?xml version="1.0" encoding="UTF-8"?>
<testsuite name="com.shoppingmall.repository.NoticeRepositoryTest" tests="1" skipped="0" failures="0" errors="0" timestamp="2022-03-21T14:40:11" hostname="DESKTOP-R5M9JQG" time="0.297">
  <properties/>
  <testcase name="Querydsl 조회 테스트1" classname="com.shoppingmall.repository.NoticeRepositoryTest" time="0.297"/>
  <system-out><![CDATA[23:40:06.401 [Test worker] DEBUG org.springframework.test.context.BootstrapUtils - Instantiating CacheAwareContextLoaderDelegate from class [org.springframework.test.context.cache.DefaultCacheAwareContextLoaderDelegate]
23:40:06.412 [Test worker] DEBUG org.springframework.test.context.BootstrapUtils - Instantiating BootstrapContext using constructor [public org.springframework.test.context.support.DefaultBootstrapContext(java.lang.Class,org.springframework.test.context.CacheAwareContextLoaderDelegate)]
23:40:06.446 [Test worker] DEBUG org.springframework.test.context.BootstrapUtils - Instantiating TestContextBootstrapper for test class [com.shoppingmall.repository.NoticeRepositoryTest] from class [org.springframework.boot.test.context.SpringBootTestContextBootstrapper]
23:40:06.459 [Test worker] INFO org.springframework.boot.test.context.SpringBootTestContextBootstrapper - Neither @ContextConfiguration nor @ContextHierarchy found for test class [com.shoppingmall.repository.NoticeRepositoryTest], using SpringBootContextLoader
23:40:06.462 [Test worker] DEBUG org.springframework.test.context.support.AbstractContextLoader - Did not detect default resource location for test class [com.shoppingmall.repository.NoticeRepositoryTest]: class path resource [com/shoppingmall/repository/NoticeRepositoryTest-context.xml] does not exist
23:40:06.463 [Test worker] DEBUG org.springframework.test.context.support.AbstractContextLoader - Did not detect default resource location for test class [com.shoppingmall.repository.NoticeRepositoryTest]: class path resource [com/shoppingmall/repository/NoticeRepositoryTestContext.groovy] does not exist
23:40:06.463 [Test worker] INFO org.springframework.test.context.support.AbstractContextLoader - Could not detect default resource locations for test class [com.shoppingmall.repository.NoticeRepositoryTest]: no resource found for suffixes {-context.xml, Context.groovy}.
23:40:06.463 [Test worker] INFO org.springframework.test.context.support.AnnotationConfigContextLoaderUtils - Could not detect default configuration classes for test class [com.shoppingmall.repository.NoticeRepositoryTest]: NoticeRepositoryTest does not declare any static, non-private, non-final, nested classes annotated with @Configuration.
23:40:06.510 [Test worker] DEBUG org.springframework.test.context.support.ActiveProfilesUtils - Could not find an 'annotation declaring class' for annotation type [org.springframework.test.context.ActiveProfiles] and class [com.shoppingmall.repository.NoticeRepositoryTest]
23:40:06.578 [Test worker] DEBUG org.springframework.context.annotation.ClassPathScanningCandidateComponentProvider - Identified candidate component class: file [C:\Users\qkr26\IdeaProjects\Shoppingmall\Shoppingmall\build\classes\java\main\com\shoppingmall\ShoppingmallApplication.class]
23:40:06.581 [Test worker] INFO org.springframework.boot.test.context.SpringBootTestContextBootstrapper - Found @SpringBootConfiguration com.shoppingmall.ShoppingmallApplication for test class com.shoppingmall.repository.NoticeRepositoryTest
23:40:06.683 [Test worker] DEBUG org.springframework.boot.test.context.SpringBootTestContextBootstrapper - @TestExecutionListeners is not present for class [com.shoppingmall.repository.NoticeRepositoryTest]: using defaults.
23:40:06.684 [Test worker] INFO org.springframework.boot.test.context.SpringBootTestContextBootstrapper - Loaded default TestExecutionListener class names from location [META-INF/spring.factories]: [org.springframework.security.test.context.support.WithSecurityContextTestExecutionListener, org.springframework.security.test.context.support.ReactorContextTestExecutionListener, org.springframework.boot.test.autoconfigure.restdocs.RestDocsTestExecutionListener, org.springframework.boot.test.autoconfigure.web.client.MockRestServiceServerResetTestExecutionListener, org.springframework.boot.test.autoconfigure.web.servlet.MockMvcPrintOnlyOnFailureTestExecutionListener, org.springframework.boot.test.autoconfigure.web.servlet.WebDriverTestExecutionListener, org.springframework.boot.test.autoconfigure.webservices.client.MockWebServiceServerTestExecutionListener, org.springframework.boot.test.mock.mockito.MockitoTestExecutionListener, org.springframework.boot.test.mock.mockito.ResetMocksTestExecutionListener, org.springframework.test.context.web.ServletTestExecutionListener, org.springframework.test.context.support.DirtiesContextBeforeModesTestExecutionListener, org.springframework.test.context.event.ApplicationEventsTestExecutionListener, org.springframework.test.context.support.DependencyInjectionTestExecutionListener, org.springframework.test.context.support.DirtiesContextTestExecutionListener, org.springframework.test.context.transaction.TransactionalTestExecutionListener, org.springframework.test.context.jdbc.SqlScriptsTestExecutionListener, org.springframework.test.context.event.EventPublishingTestExecutionListener]
23:40:06.702 [Test worker] INFO org.springframework.boot.test.context.SpringBootTestContextBootstrapper - Using TestExecutionListeners: [org.springframework.test.context.web.ServletTestExecutionListener@7726e185, org.springframework.test.context.support.DirtiesContextBeforeModesTestExecutionListener@aa5455e, org.springframework.test.context.event.ApplicationEventsTestExecutionListener@282308c3, org.springframework.boot.test.mock.mockito.MockitoTestExecutionListener@5dda14d0, org.springframework.boot.test.autoconfigure.SpringBootDependencyInjectionTestExecutionListener@1db0ec27, org.springframework.test.context.support.DirtiesContextTestExecutionListener@3d9fc57a, org.springframework.test.context.transaction.TransactionalTestExecutionListener@d4ab71a, org.springframework.test.context.jdbc.SqlScriptsTestExecutionListener@3b4ef7, org.springframework.security.test.context.support.WithSecurityContextTestExecutionListener@1af05b03, org.springframework.test.context.event.EventPublishingTestExecutionListener@5987e932, org.springframework.security.test.context.support.ReactorContextTestExecutionListener@1ad777f, org.springframework.boot.test.autoconfigure.restdocs.RestDocsTestExecutionListener@5bbbdd4b, org.springframework.boot.test.autoconfigure.web.client.MockRestServiceServerResetTestExecutionListener@438bad7c, org.springframework.boot.test.autoconfigure.web.servlet.MockMvcPrintOnlyOnFailureTestExecutionListener@25230246, org.springframework.boot.test.autoconfigure.web.servlet.WebDriverTestExecutionListener@4fdf8f12, org.springframework.boot.test.autoconfigure.webservices.client.MockWebServiceServerTestExecutionListener@4a8b5227, org.springframework.boot.test.mock.mockito.ResetMocksTestExecutionListener@54f5f647]
23:40:06.706 [Test worker] DEBUG org.springframework.test.context.support.AbstractDirtiesContextTestExecutionListener - Before test class: context [DefaultTestContext@6105f8a3 testClass = NoticeRepositoryTest, testInstance = [null], testMethod = [null], testException = [null], mergedContextConfiguration = [WebMergedContextConfiguration@2237bada testClass = NoticeRepositoryTest, locations = '{}', classes = '{class com.shoppingmall.ShoppingmallApplication}', contextInitializerClasses = '[]', activeProfiles = '{}', propertySourceLocations = '{classpath:application-test.properties}', propertySourceProperties = '{org.springframework.boot.test.context.SpringBootTestContextBootstrapper=true}', contextCustomizers = set[org.springframework.boot.test.autoconfigure.actuate.metrics.MetricsExportContextCustomizerFactory$DisableMetricExportContextCustomizer@56c9bbd8, org.springframework.boot.test.autoconfigure.properties.PropertyMappingContextCustomizer@0, org.springframework.boot.test.autoconfigure.web.servlet.WebDriverContextCustomizerFactory$Customizer@25748410, org.springframework.boot.test.context.filter.ExcludeFilterContextCustomizer@6bb75258, org.springframework.boot.test.json.DuplicateJsonObjectContextCustomizerFactory$DuplicateJsonObjectContextCustomizer@2783717b, org.springframework.boot.test.mock.mockito.MockitoContextCustomizer@0, org.springframework.boot.test.web.client.TestRestTemplateContextCustomizer@5ed731d0, org.springframework.boot.test.context.SpringBootTestArgs@1, org.springframework.boot.test.context.SpringBootTestWebEnvironment@7c3fdb62], resourceBasePath = 'src/main/webapp', contextLoader = 'org.springframework.boot.test.context.SpringBootContextLoader', parent = [null]], attributes = map['org.springframework.test.context.web.ServletTestExecutionListener.activateListener' -> true]], class annotated with @DirtiesContext [false] with mode [null].

  .   ____          _            __ _ _
 /\\ / ___'_ __ _ _(_)_ __  __ _ \ \ \ \
( ( )\___ | '_ | '_| | '_ \/ _` | \ \ \ \
 \\/  ___)| |_)| | | | | || (_| |  ) ) ) )
  '  |____| .__|_| |_|_| |_\__, | / / / /
 =========|_|==============|___/=/_/_/_/
 :: Spring Boot ::                (v2.6.4)

2022-03-21 23:40:07.039  INFO 22592 --- [    Test worker] c.s.repository.NoticeRepositoryTest      : Starting NoticeRepositoryTest using Java 11.0.14 on DESKTOP-R5M9JQG with PID 22592 (started by qkr26 in C:\Users\qkr26\IdeaProjects\Shoppingmall\Shoppingmall)
2022-03-21 23:40:07.040  INFO 22592 --- [    Test worker] c.s.repository.NoticeRepositoryTest      : No active profile set, falling back to 1 default profile: "default"
2022-03-21 23:40:07.645  INFO 22592 --- [    Test worker] .s.d.r.c.RepositoryConfigurationDelegate : Bootstrapping Spring Data JPA repositories in DEFAULT mode.
2022-03-21 23:40:07.704  INFO 22592 --- [    Test worker] .s.d.r.c.RepositoryConfigurationDelegate : Finished Spring Data repository scanning in 50 ms. Found 2 JPA repository interfaces.
2022-03-21 23:40:08.286  INFO 22592 --- [    Test worker] o.hibernate.jpa.internal.util.LogHelper  : HHH000204: Processing PersistenceUnitInfo [name: default]
2022-03-21 23:40:08.347  INFO 22592 --- [    Test worker] org.hibernate.Version                    : HHH000412: Hibernate ORM core version 5.6.5.Final
2022-03-21 23:40:08.523  INFO 22592 --- [    Test worker] o.hibernate.annotations.common.Version   : HCANN000001: Hibernate Commons Annotations {5.1.2.Final}
2022-03-21 23:40:08.648  INFO 22592 --- [    Test worker] com.zaxxer.hikari.HikariDataSource       : HikariPool-1 - Starting...
2022-03-21 23:40:08.942  INFO 22592 --- [    Test worker] com.zaxxer.hikari.HikariDataSource       : HikariPool-1 - Start completed.
2022-03-21 23:40:08.964  INFO 22592 --- [    Test worker] org.hibernate.dialect.Dialect            : HHH000400: Using dialect: org.hibernate.dialect.H2Dialect
Hibernate: 
    
    drop table if exists notice CASCADE 
Hibernate: 
    
    drop table if exists product CASCADE 
Hibernate: 
    
    drop sequence if exists hibernate_sequence
Hibernate: create sequence hibernate_sequence start with 1 increment by 1
Hibernate: 
    
    create table notice (
       notice_id bigint not null,
        notice_content clob not null,
        notice_date_time timestamp not null,
        notice_title varchar(50) not null,
        notice_view_num bigint not null,
        primary key (notice_id)
    )
Hibernate: 
    
    create table product (
       product_id bigint not null,
        created_time timestamp,
        description clob not null,
        modified_time timestamp,
        price integer not null,
        product_name varchar(50) not null,
        product_sell_status varchar(255),
        stock_number integer not null,
        primary key (product_id)
    )
2022-03-21 23:40:09.706  INFO 22592 --- [    Test worker] o.h.e.t.j.p.i.JtaPlatformInitiator       : HHH000490: Using JtaPlatform implementation: [org.hibernate.engine.transaction.jta.platform.internal.NoJtaPlatform]
2022-03-21 23:40:09.715  INFO 22592 --- [    Test worker] j.LocalContainerEntityManagerFactoryBean : Initialized JPA EntityManagerFactory for persistence unit 'default'
2022-03-21 23:40:09.973  WARN 22592 --- [    Test worker] JpaBaseConfiguration$JpaWebConfiguration : spring.jpa.open-in-view is enabled by default. Therefore, database queries may be performed during view rendering. Explicitly configure spring.jpa.open-in-view to disable this warning
2022-03-21 23:40:11.045  WARN 22592 --- [    Test worker] ion$DefaultTemplateResolverConfiguration : Cannot find template location: classpath:/templates/ (please add some templates or check your Thymeleaf configuration)
2022-03-21 23:40:11.318  INFO 22592 --- [    Test worker] c.s.repository.NoticeRepositoryTest      : Started NoticeRepositoryTest in 4.578 seconds (JVM running for 6.076)
Hibernate: 
    call next value for hibernate_sequence
Hibernate: 
    insert 
    into
        product
        (created_time, description, modified_time, price, product_name, product_sell_status, stock_number, product_id) 
    values
        (?, ?, ?, ?, ?, ?, ?, ?)
2022-03-21 23:40:11.507 TRACE 22592 --- [    Test worker] o.h.type.descriptor.sql.BasicBinder      : binding parameter [1] as [TIMESTAMP] - [2022-03-21T23:40:11.450741]
2022-03-21 23:40:11.511 TRACE 22592 --- [    Test worker] o.h.type.descriptor.sql.BasicBinder      : binding parameter [2] as [CLOB] - [테스트 상품 설명1]
2022-03-21 23:40:11.513 TRACE 22592 --- [    Test worker] o.h.type.descriptor.sql.BasicBinder      : binding parameter [3] as [TIMESTAMP] - [2022-03-21T23:40:11.450741]
2022-03-21 23:40:11.514 TRACE 22592 --- [    Test worker] o.h.type.descriptor.sql.BasicBinder      : binding parameter [4] as [INTEGER] - [10001]
2022-03-21 23:40:11.515 TRACE 22592 --- [    Test worker] o.h.type.descriptor.sql.BasicBinder      : binding parameter [5] as [VARCHAR] - [테스트 상품1]
2022-03-21 23:40:11.515 TRACE 22592 --- [    Test worker] o.h.type.descriptor.sql.BasicBinder      : binding parameter [6] as [VARCHAR] - [SELL]
2022-03-21 23:40:11.515 TRACE 22592 --- [    Test worker] o.h.type.descriptor.sql.BasicBinder      : binding parameter [7] as [INTEGER] - [100]
2022-03-21 23:40:11.516 TRACE 22592 --- [    Test worker] o.h.type.descriptor.sql.BasicBinder      : binding parameter [8] as [BIGINT] - [1]
Hibernate: 
    call next value for hibernate_sequence
Hibernate: 
    insert 
    into
        product
        (created_time, description, modified_time, price, product_name, product_sell_status, stock_number, product_id) 
    values
        (?, ?, ?, ?, ?, ?, ?, ?)
2022-03-21 23:40:11.521 TRACE 22592 --- [    Test worker] o.h.type.descriptor.sql.BasicBinder      : binding parameter [1] as [TIMESTAMP] - [2022-03-21T23:40:11.520347]
2022-03-21 23:40:11.521 TRACE 22592 --- [    Test worker] o.h.type.descriptor.sql.BasicBinder      : binding parameter [2] as [CLOB] - [테스트 상품 설명2]
2022-03-21 23:40:11.521 TRACE 22592 --- [    Test worker] o.h.type.descriptor.sql.BasicBinder      : binding parameter [3] as [TIMESTAMP] - [2022-03-21T23:40:11.520347]
2022-03-21 23:40:11.522 TRACE 22592 --- [    Test worker] o.h.type.descriptor.sql.BasicBinder      : binding parameter [4] as [INTEGER] - [10002]
2022-03-21 23:40:11.522 TRACE 22592 --- [    Test worker] o.h.type.descriptor.sql.BasicBinder      : binding parameter [5] as [VARCHAR] - [테스트 상품2]
2022-03-21 23:40:11.522 TRACE 22592 --- [    Test worker] o.h.type.descriptor.sql.BasicBinder      : binding parameter [6] as [VARCHAR] - [SELL]
2022-03-21 23:40:11.522 TRACE 22592 --- [    Test worker] o.h.type.descriptor.sql.BasicBinder      : binding parameter [7] as [INTEGER] - [100]
2022-03-21 23:40:11.522 TRACE 22592 --- [    Test worker] o.h.type.descriptor.sql.BasicBinder      : binding parameter [8] as [BIGINT] - [2]
Hibernate: 
    call next value for hibernate_sequence
Hibernate: 
    insert 
    into
        product
        (created_time, description, modified_time, price, product_name, product_sell_status, stock_number, product_id) 
    values
        (?, ?, ?, ?, ?, ?, ?, ?)
2022-03-21 23:40:11.524 TRACE 22592 --- [    Test worker] o.h.type.descriptor.sql.BasicBinder      : binding parameter [1] as [TIMESTAMP] - [2022-03-21T23:40:11.523179300]
2022-03-21 23:40:11.524 TRACE 22592 --- [    Test worker] o.h.type.descriptor.sql.BasicBinder      : binding parameter [2] as [CLOB] - [테스트 상품 설명3]
2022-03-21 23:40:11.524 TRACE 22592 --- [    Test worker] o.h.type.descriptor.sql.BasicBinder      : binding parameter [3] as [TIMESTAMP] - [2022-03-21T23:40:11.523179300]
2022-03-21 23:40:11.525 TRACE 22592 --- [    Test worker] o.h.type.descriptor.sql.BasicBinder      : binding parameter [4] as [INTEGER] - [10003]
2022-03-21 23:40:11.525 TRACE 22592 --- [    Test worker] o.h.type.descriptor.sql.BasicBinder      : binding parameter [5] as [VARCHAR] - [테스트 상품3]
2022-03-21 23:40:11.525 TRACE 22592 --- [    Test worker] o.h.type.descriptor.sql.BasicBinder      : binding parameter [6] as [VARCHAR] - [SELL]
2022-03-21 23:40:11.525 TRACE 22592 --- [    Test worker] o.h.type.descriptor.sql.BasicBinder      : binding parameter [7] as [INTEGER] - [100]
2022-03-21 23:40:11.525 TRACE 22592 --- [    Test worker] o.h.type.descriptor.sql.BasicBinder      : binding parameter [8] as [BIGINT] - [3]
Hibernate: 
    call next value for hibernate_sequence
Hibernate: 
    insert 
    into
        product
        (created_time, description, modified_time, price, product_name, product_sell_status, stock_number, product_id) 
    values
        (?, ?, ?, ?, ?, ?, ?, ?)
2022-03-21 23:40:11.526 TRACE 22592 --- [    Test worker] o.h.type.descriptor.sql.BasicBinder      : binding parameter [1] as [TIMESTAMP] - [2022-03-21T23:40:11.526011300]
2022-03-21 23:40:11.527 TRACE 22592 --- [    Test worker] o.h.type.descriptor.sql.BasicBinder      : binding parameter [2] as [CLOB] - [테스트 상품 설명4]
2022-03-21 23:40:11.527 TRACE 22592 --- [    Test worker] o.h.type.descriptor.sql.BasicBinder      : binding parameter [3] as [TIMESTAMP] - [2022-03-21T23:40:11.526011300]
2022-03-21 23:40:11.527 TRACE 22592 --- [    Test worker] o.h.type.descriptor.sql.BasicBinder      : binding parameter [4] as [INTEGER] - [10004]
2022-03-21 23:40:11.527 TRACE 22592 --- [    Test worker] o.h.type.descriptor.sql.BasicBinder      : binding parameter [5] as [VARCHAR] - [테스트 상품4]
2022-03-21 23:40:11.527 TRACE 22592 --- [    Test worker] o.h.type.descriptor.sql.BasicBinder      : binding parameter [6] as [VARCHAR] - [SELL]
2022-03-21 23:40:11.527 TRACE 22592 --- [    Test worker] o.h.type.descriptor.sql.BasicBinder      : binding parameter [7] as [INTEGER] - [100]
2022-03-21 23:40:11.527 TRACE 22592 --- [    Test worker] o.h.type.descriptor.sql.BasicBinder      : binding parameter [8] as [BIGINT] - [4]
Hibernate: 
    call next value for hibernate_sequence
Hibernate: 
    insert 
    into
        product
        (created_time, description, modified_time, price, product_name, product_sell_status, stock_number, product_id) 
    values
        (?, ?, ?, ?, ?, ?, ?, ?)
2022-03-21 23:40:11.529 TRACE 22592 --- [    Test worker] o.h.type.descriptor.sql.BasicBinder      : binding parameter [1] as [TIMESTAMP] - [2022-03-21T23:40:11.528842600]
2022-03-21 23:40:11.530 TRACE 22592 --- [    Test worker] o.h.type.descriptor.sql.BasicBinder      : binding parameter [2] as [CLOB] - [테스트 상품 설명5]
2022-03-21 23:40:11.530 TRACE 22592 --- [    Test worker] o.h.type.descriptor.sql.BasicBinder      : binding parameter [3] as [TIMESTAMP] - [2022-03-21T23:40:11.528842600]
2022-03-21 23:40:11.530 TRACE 22592 --- [    Test worker] o.h.type.descriptor.sql.BasicBinder      : binding parameter [4] as [INTEGER] - [10005]
2022-03-21 23:40:11.530 TRACE 22592 --- [    Test worker] o.h.type.descriptor.sql.BasicBinder      : binding parameter [5] as [VARCHAR] - [테스트 상품5]
2022-03-21 23:40:11.530 TRACE 22592 --- [    Test worker] o.h.type.descriptor.sql.BasicBinder      : binding parameter [6] as [VARCHAR] - [SELL]
2022-03-21 23:40:11.530 TRACE 22592 --- [    Test worker] o.h.type.descriptor.sql.BasicBinder      : binding parameter [7] as [INTEGER] - [100]
2022-03-21 23:40:11.530 TRACE 22592 --- [    Test worker] o.h.type.descriptor.sql.BasicBinder      : binding parameter [8] as [BIGINT] - [5]
Hibernate: 
    call next value for hibernate_sequence
Hibernate: 
    insert 
    into
        product
        (created_time, description, modified_time, price, product_name, product_sell_status, stock_number, product_id) 
    values
        (?, ?, ?, ?, ?, ?, ?, ?)
2022-03-21 23:40:11.532 TRACE 22592 --- [    Test worker] o.h.type.descriptor.sql.BasicBinder      : binding parameter [1] as [TIMESTAMP] - [2022-03-21T23:40:11.531672800]
2022-03-21 23:40:11.532 TRACE 22592 --- [    Test worker] o.h.type.descriptor.sql.BasicBinder      : binding parameter [2] as [CLOB] - [테스트 상품 설명6]
2022-03-21 23:40:11.532 TRACE 22592 --- [    Test worker] o.h.type.descriptor.sql.BasicBinder      : binding parameter [3] as [TIMESTAMP] - [2022-03-21T23:40:11.531672800]
2022-03-21 23:40:11.532 TRACE 22592 --- [    Test worker] o.h.type.descriptor.sql.BasicBinder      : binding parameter [4] as [INTEGER] - [10006]
2022-03-21 23:40:11.533 TRACE 22592 --- [    Test worker] o.h.type.descriptor.sql.BasicBinder      : binding parameter [5] as [VARCHAR] - [테스트 상품6]
2022-03-21 23:40:11.533 TRACE 22592 --- [    Test worker] o.h.type.descriptor.sql.BasicBinder      : binding parameter [6] as [VARCHAR] - [SELL]
2022-03-21 23:40:11.533 TRACE 22592 --- [    Test worker] o.h.type.descriptor.sql.BasicBinder      : binding parameter [7] as [INTEGER] - [100]
2022-03-21 23:40:11.533 TRACE 22592 --- [    Test worker] o.h.type.descriptor.sql.BasicBinder      : binding parameter [8] as [BIGINT] - [6]
Hibernate: 
    call next value for hibernate_sequence
Hibernate: 
    insert 
    into
        product
        (created_time, description, modified_time, price, product_name, product_sell_status, stock_number, product_id) 
    values
        (?, ?, ?, ?, ?, ?, ?, ?)
2022-03-21 23:40:11.535 TRACE 22592 --- [    Test worker] o.h.type.descriptor.sql.BasicBinder      : binding parameter [1] as [TIMESTAMP] - [2022-03-21T23:40:11.534504900]
2022-03-21 23:40:11.535 TRACE 22592 --- [    Test worker] o.h.type.descriptor.sql.BasicBinder      : binding parameter [2] as [CLOB] - [테스트 상품 설명7]
2022-03-21 23:40:11.535 TRACE 22592 --- [    Test worker] o.h.type.descriptor.sql.BasicBinder      : binding parameter [3] as [TIMESTAMP] - [2022-03-21T23:40:11.534504900]
2022-03-21 23:40:11.535 TRACE 22592 --- [    Test worker] o.h.type.descriptor.sql.BasicBinder      : binding parameter [4] as [INTEGER] - [10007]
2022-03-21 23:40:11.535 TRACE 22592 --- [    Test worker] o.h.type.descriptor.sql.BasicBinder      : binding parameter [5] as [VARCHAR] - [테스트 상품7]
2022-03-21 23:40:11.535 TRACE 22592 --- [    Test worker] o.h.type.descriptor.sql.BasicBinder      : binding parameter [6] as [VARCHAR] - [SELL]
2022-03-21 23:40:11.535 TRACE 22592 --- [    Test worker] o.h.type.descriptor.sql.BasicBinder      : binding parameter [7] as [INTEGER] - [100]
2022-03-21 23:40:11.535 TRACE 22592 --- [    Test worker] o.h.type.descriptor.sql.BasicBinder      : binding parameter [8] as [BIGINT] - [7]
Hibernate: 
    call next value for hibernate_sequence
Hibernate: 
    insert 
    into
        product
        (created_time, description, modified_time, price, product_name, product_sell_status, stock_number, product_id) 
    values
        (?, ?, ?, ?, ?, ?, ?, ?)
2022-03-21 23:40:11.537 TRACE 22592 --- [    Test worker] o.h.type.descriptor.sql.BasicBinder      : binding parameter [1] as [TIMESTAMP] - [2022-03-21T23:40:11.536392600]
2022-03-21 23:40:11.537 TRACE 22592 --- [    Test worker] o.h.type.descriptor.sql.BasicBinder      : binding parameter [2] as [CLOB] - [테스트 상품 설명8]
2022-03-21 23:40:11.537 TRACE 22592 --- [    Test worker] o.h.type.descriptor.sql.BasicBinder      : binding parameter [3] as [TIMESTAMP] - [2022-03-21T23:40:11.536392600]
2022-03-21 23:40:11.537 TRACE 22592 --- [    Test worker] o.h.type.descriptor.sql.BasicBinder      : binding parameter [4] as [INTEGER] - [10008]
2022-03-21 23:40:11.537 TRACE 22592 --- [    Test worker] o.h.type.descriptor.sql.BasicBinder      : binding parameter [5] as [VARCHAR] - [테스트 상품8]
2022-03-21 23:40:11.537 TRACE 22592 --- [    Test worker] o.h.type.descriptor.sql.BasicBinder      : binding parameter [6] as [VARCHAR] - [SELL]
2022-03-21 23:40:11.537 TRACE 22592 --- [    Test worker] o.h.type.descriptor.sql.BasicBinder      : binding parameter [7] as [INTEGER] - [100]
2022-03-21 23:40:11.537 TRACE 22592 --- [    Test worker] o.h.type.descriptor.sql.BasicBinder      : binding parameter [8] as [BIGINT] - [8]
Hibernate: 
    call next value for hibernate_sequence
Hibernate: 
    insert 
    into
        product
        (created_time, description, modified_time, price, product_name, product_sell_status, stock_number, product_id) 
    values
        (?, ?, ?, ?, ?, ?, ?, ?)
2022-03-21 23:40:11.539 TRACE 22592 --- [    Test worker] o.h.type.descriptor.sql.BasicBinder      : binding parameter [1] as [TIMESTAMP] - [2022-03-21T23:40:11.538279500]
2022-03-21 23:40:11.539 TRACE 22592 --- [    Test worker] o.h.type.descriptor.sql.BasicBinder      : binding parameter [2] as [CLOB] - [테스트 상품 설명9]
2022-03-21 23:40:11.539 TRACE 22592 --- [    Test worker] o.h.type.descriptor.sql.BasicBinder      : binding parameter [3] as [TIMESTAMP] - [2022-03-21T23:40:11.538279500]
2022-03-21 23:40:11.539 TRACE 22592 --- [    Test worker] o.h.type.descriptor.sql.BasicBinder      : binding parameter [4] as [INTEGER] - [10009]
2022-03-21 23:40:11.539 TRACE 22592 --- [    Test worker] o.h.type.descriptor.sql.BasicBinder      : binding parameter [5] as [VARCHAR] - [테스트 상품9]
2022-03-21 23:40:11.539 TRACE 22592 --- [    Test worker] o.h.type.descriptor.sql.BasicBinder      : binding parameter [6] as [VARCHAR] - [SELL]
2022-03-21 23:40:11.539 TRACE 22592 --- [    Test worker] o.h.type.descriptor.sql.BasicBinder      : binding parameter [7] as [INTEGER] - [100]
2022-03-21 23:40:11.539 TRACE 22592 --- [    Test worker] o.h.type.descriptor.sql.BasicBinder      : binding parameter [8] as [BIGINT] - [9]
Hibernate: 
    select
        product0_.product_id as product_1_1_,
        product0_.created_time as created_2_1_,
        product0_.description as descript3_1_,
        product0_.modified_time as modified4_1_,
        product0_.price as price5_1_,
        product0_.product_name as product_6_1_,
        product0_.product_sell_status as product_7_1_,
        product0_.stock_number as stock_nu8_1_ 
    from
        product product0_ 
    where
        product0_.product_sell_status=? 
        and (
            product0_.description like ? escape '!'
        ) 
    order by
        product0_.price desc
2022-03-21 23:40:11.634 TRACE 22592 --- [    Test worker] o.h.type.descriptor.sql.BasicBinder      : binding parameter [1] as [VARCHAR] - [SELL]
2022-03-21 23:40:11.634 TRACE 22592 --- [    Test worker] o.h.type.descriptor.sql.BasicBinder      : binding parameter [2] as [CLOB] - [%테스트 상세 설명%]
]]></system-out>
  <system-err><![CDATA[]]></system-err>
</testsuite>
